
/home/runner/work/exp-converting-regular-expression-iiith/exp-converting-regular-expression-iiith/experiment/simulation/js/data.js
    6:7  warning  'RE1' is assigned a value but never used  no-unused-vars
  128:7  warning  'RE2' is assigned a value but never used  no-unused-vars
  323:7  warning  'RE3' is assigned a value but never used  no-unused-vars

/home/runner/work/exp-converting-regular-expression-iiith/exp-converting-regular-expression-iiith/experiment/simulation/js/helper.js
    7:2   warning  'elem' is not defined                      no-undef
    9:4   warning  'elem' is not defined                      no-undef
   11:9   warning  'elem' is not defined                      no-undef
   14:10  warning  'newElement' is defined but never used     no-unused-vars
   15:2   warning  'elem' is not defined                      no-undef
   17:4   warning  'elem' is not defined                      no-undef
   19:9   warning  'elem' is not defined                      no-undef
   22:10  warning  'clearElem' is defined but never used      no-unused-vars
   29:10  warning  'displayCanvas' is defined but never used  no-unused-vars
   30:3   warning  'sine45' is not defined                    no-undef
   32:3   warning  'nodes' is not defined                     no-undef
   33:3   warning  'edges' is not defined                     no-undef
   35:39  warning  'index' is defined but never used          no-unused-vars
   37:5   warning  'startX' is not defined                    no-undef
   37:14  warning  'width' is not defined                     no-undef
   37:52  warning  'width' is not defined                     no-undef
   38:5   warning  'startY' is not defined                    no-undef
   38:14  warning  'height' is not defined                    no-undef
   38:52  warning  'width' is not defined                     no-undef
   40:5   warning  'endX' is not defined                      no-undef
   40:12  warning  'width' is not defined                     no-undef
   40:48  warning  'width' is not defined                     no-undef
   41:5   warning  'endY' is not defined                      no-undef
   41:12  warning  'height' is not defined                    no-undef
   41:48  warning  'width' is not defined                     no-undef
   43:5   warning  'midX' is not defined                      no-undef
   44:5   warning  'midY' is not defined                      no-undef
   48:5   warning  'linepoints' is not defined                no-undef
   52:7   warning  'midX' is not defined                      no-undef
   52:15  warning  'startX' is not defined                    no-undef
   52:24  warning  'endX' is not defined                      no-undef
   53:7   warning  'midY' is not defined                      no-undef
   53:15  warning  'startY' is not defined                    no-undef
   53:24  warning  'endY' is not defined                      no-undef
   55:7   warning  'linepoints' is not defined                no-undef
   55:25  warning  'startX' is not defined                    no-undef
   55:36  warning  'startY' is not defined                    no-undef
   55:49  warning  'startX' is not defined                    no-undef
   55:60  warning  'startY' is not defined                    no-undef
   56:25  warning  'midX' is not defined                      no-undef
   56:34  warning  'midY' is not defined                      no-undef
   56:44  warning  'endX' is not defined                      no-undef
   56:53  warning  'endY' is not defined                      no-undef
   60:7   warning  'midX' is not defined                      no-undef
   60:15  warning  'startX' is not defined                    no-undef
   60:24  warning  'endX' is not defined                      no-undef
   61:7   warning  'midY' is not defined                      no-undef
   61:15  warning  'startY' is not defined                    no-undef
   61:24  warning  'endY' is not defined                      no-undef
   61:34  warning  'curveRadius' is not defined               no-undef
   63:7   warning  'linepoints' is not defined                no-undef
   63:25  warning  'startX' is not defined                    no-undef
   63:36  warning  'startY' is not defined                    no-undef
   63:49  warning  'startX' is not defined                    no-undef
   63:60  warning  'startY' is not defined                    no-undef
   64:25  warning  'midX' is not defined                      no-undef
   64:34  warning  'midY' is not defined                      no-undef
   64:44  warning  'endX' is not defined                      no-undef
   64:53  warning  'endY' is not defined                      no-undef
   68:7   warning  'midX' is not defined                      no-undef
   68:15  warning  'startX' is not defined                    no-undef
   68:24  warning  'endX' is not defined                      no-undef
   69:7   warning  'midY' is not defined                      no-undef
   69:15  warning  'startY' is not defined                    no-undef
   69:24  warning  'endY' is not defined                      no-undef
   69:36  warning  'curveRadius' is not defined               no-undef
   71:7   warning  'linepoints' is not defined                no-undef
   71:25  warning  'startX' is not defined                    no-undef
   71:36  warning  'startY' is not defined                    no-undef
   71:49  warning  'startX' is not defined                    no-undef
   71:60  warning  'startY' is not defined                    no-undef
   72:25  warning  'midX' is not defined                      no-undef
   72:34  warning  'midY' is not defined                      no-undef
   72:44  warning  'endX' is not defined                      no-undef
   72:53  warning  'endY' is not defined                      no-undef
   76:5   warning  'edgeId' is not defined                    no-undef
   78:5   warning  'edgeColor' is not defined                 no-undef
   79:5   warning  'line' is not defined                      no-undef
   80:14  warning  'edgeId' is not defined                    no-undef
   81:13  warning  'linepoints' is not defined                no-undef
   83:18  warning  'edgeColor' is not defined                 no-undef
   86:5   warning  'linemarkerpoints' is not defined          no-undef
   91:9   warning  'linemarkerpoints' is not defined          no-undef
   91:29  warning  'midX' is not defined                      no-undef
   91:40  warning  'midY' is not defined                      no-undef
   91:53  warning  'midX' is not defined                      no-undef
   91:66  warning  'midY' is not defined                      no-undef
   91:77  warning  'midX' is not defined                      no-undef
   91:88  warning  'midY' is not defined                      no-undef
   93:9   warning  'linemarkerpoints' is not defined          no-undef
   93:29  warning  'midX' is not defined                      no-undef
   93:40  warning  'midY' is not defined                      no-undef
   93:53  warning  'midX' is not defined                      no-undef
   93:66  warning  'midY' is not defined                      no-undef
   93:77  warning  'midX' is not defined                      no-undef
   93:88  warning  'midY' is not defined                      no-undef
   97:7   warning  'mid_y' is not defined                     no-undef
   97:16  warning  'startY' is not defined                    no-undef
   97:25  warning  'endY' is not defined                      no-undef
   97:35  warning  'curveRadius' is not defined               no-undef
  100:9   warning  'linemarkerpoints' is not defined          no-undef
  100:29  warning  'midX' is not defined                      no-undef
  100:40  warning  'mid_y' is not defined                     no-undef
  100:54  warning  'midX' is not defined                      no-undef
  100:67  warning  'mid_y' is not defined                     no-undef
  100:79  warning  'midX' is not defined                      no-undef
  100:90  warning  'mid_y' is not defined                     no-undef
  102:9   warning  'linemarkerpoints' is not defined          no-undef
  102:29  warning  'midX' is not defined                      no-undef
  102:40  warning  'mid_y' is not defined                     no-undef
  102:54  warning  'midX' is not defined                      no-undef
  102:67  warning  'mid_y' is not defined                     no-undef
  102:79  warning  'midX' is not defined                      no-undef
  102:90  warning  'mid_y' is not defined                     no-undef
  106:7   warning  'mid_y' is not defined                     no-undef
  106:16  warning  'startY' is not defined                    no-undef
  106:25  warning  'endY' is not defined                      no-undef
  106:35  warning  'curveRadius' is not defined               no-undef
  109:9   warning  'linemarkerpoints' is not defined          no-undef
  109:29  warning  'midX' is not defined                      no-undef
  109:40  warning  'mid_y' is not defined                     no-undef
  109:54  warning  'midX' is not defined                      no-undef
  109:67  warning  'mid_y' is not defined                     no-undef
  109:79  warning  'midX' is not defined                      no-undef
  109:90  warning  'mid_y' is not defined                     no-undef
  111:9   warning  'linemarkerpoints' is not defined          no-undef
  111:29  warning  'midX' is not defined                      no-undef
  111:40  warning  'mid_y' is not defined                     no-undef
  111:54  warning  'midX' is not defined                      no-undef
  111:67  warning  'mid_y' is not defined                     no-undef
  111:79  warning  'midX' is not defined                      no-undef
  111:90  warning  'mid_y' is not defined                     no-undef
  116:5   warning  'linemarker' is not defined                no-undef
  118:18  warning  'linemarkerpoints' is not defined          no-undef
  121:5   warning  'textline' is not defined                  no-undef
  122:14  warning  'edgeId' is not defined                    no-undef
  124:5   warning  'textlinepath' is not defined              no-undef
  125:14  warning  'edgeId' is not defined                    no-undef
  126:20  warning  'edgeId' is not defined                    no-undef
  129:5   warning  'textlinepath' is not defined              no-undef
  131:24  warning  'line' is not defined                      no-undef
  132:24  warning  'linemarker' is not defined                no-undef
  133:5   warning  'textline' is not defined                  no-undef
  133:26  warning  'textlinepath' is not defined              no-undef
  134:24  warning  'textline' is not defined                  no-undef
  138:42  warning  'index' is defined but never used          no-unused-vars
  139:5   warning  'newnode' is not defined                   no-undef
  140:12  warning  'width' is not defined                     no-undef
  140:41  warning  'width' is not defined                     no-undef
  141:12  warning  'height' is not defined                    no-undef
  141:41  warning  'width' is not defined                     no-undef
  143:5   warning  'nodes' is not defined                     no-undef
  143:16  warning  'newnode' is not defined                   no-undef
  146:3   warning  'nodes' is not defined                     no-undef
  147:5   warning  'color' is not defined                     no-undef
  148:5   warning  'stroke_width' is not defined              no-undef
  149:5   warning  'fillColor' is not defined                 no-undef
  151:5   warning  'circleElem' is not defined                no-undef
  155:13  warning  'radius' is not defined                    no-undef
  156:18  warning  'color' is not defined                     no-undef
  157:16  warning  'fillColor' is not defined                 no-undef
  158:24  warning  'stroke_width' is not defined              no-undef
  161:24  warning  'circleElem' is not defined                no-undef

/home/runner/work/exp-converting-regular-expression-iiith/exp-converting-regular-expression-iiith/experiment/simulation/js/main.js
    6:1   warning  'width' is not defined                        no-undef
    7:1   warning  'height' is not defined                       no-undef
    8:1   warning  'radius' is not defined                       no-undef
    9:1   warning  'curveRadius' is not defined                  no-undef
   11:1   warning  'RE' is not defined                           no-undef
   11:7   warning  'RE1' is not defined                          no-undef
   11:12  warning  'RE2' is not defined                          no-undef
   11:17  warning  'RE3' is not defined                          no-undef
   14:1   warning  'reIndex' is not defined                      no-undef
   17:1   warning  'inputPointer' is not defined                 no-undef
   19:1   warning  'nodes' is not defined                        no-undef
   20:1   warning  'edges' is not defined                        no-undef
   23:3   warning  'clearElem' is not defined                    no-undef
   23:13  warning  'canvas' is not defined                       no-undef
   25:6   warning  'inputPointer' is not defined                 no-undef
   26:5   warning  'displayCanvas' is not defined                no-undef
   26:19  warning  'canvas' is not defined                       no-undef
   26:27  warning  'RE' is not defined                           no-undef
   26:30  warning  'reIndex' is not defined                      no-undef
   26:46  warning  'inputPointer' is not defined                 no-undef
   51:3   warning  'inputIndex' is not defined                   no-undef
   52:3   warning  'inputPointer' is not defined                 no-undef
   58:3   warning  'inputContainer' is not defined               no-undef
   59:3   warning  'clearElem' is not defined                    no-undef
   59:13  warning  'inputContainer' is not defined               no-undef
   60:3   warning  'textColor' is not defined                    no-undef
   61:3   warning  'text' is not defined                         no-undef
   61:34  warning  'RE' is not defined                           no-undef
   61:37  warning  'reIndex' is not defined                      no-undef
   62:3   warning  'inputContainer' is not defined               no-undef
   62:30  warning  'text' is not defined                         no-undef
   67:3   warning  'stack' is not defined                        no-undef
   68:3   warning  'clearElem' is not defined                    no-undef
   68:13  warning  'stack' is not defined                        no-undef
   72:3   warning  'stack' is not defined                        no-undef
   73:3   warning  'listElem' is not defined                     no-undef
   73:14  warning  'newElement' is not defined                   no-undef
   74:3   warning  'textNode' is not defined                     no-undef
   75:3   warning  'listElem' is not defined                     no-undef
   75:24  warning  'textNode' is not defined                     no-undef
   76:3   warning  'stack' is not defined                        no-undef
   76:21  warning  'listElem' is not defined                     no-undef
   81:3   warning  'stack' is not defined                        no-undef
   82:6   warning  'stack' is not defined                        no-undef
   83:5   warning  'stack' is not defined                        no-undef
   83:23  warning  'stack' is not defined                        no-undef
   87:42  warning  'e' is defined but never used                 no-unused-vars
   88:3   warning  'canvas' is not defined                       no-undef
   95:3   warning  'changeRE' is not defined                     no-undef
   96:3   warning  'changeRE' is not defined                     no-undef
   96:47  warning  'e' is defined but never used                 no-unused-vars
   97:5   warning  'clearElem' is not defined                    no-undef
   97:15  warning  'canvas' is not defined                       no-undef
   98:5   warning  'reIndex' is not defined                      no-undef
   98:15  warning  'reIndex' is not defined                      no-undef
   99:8   warning  'reIndex' is not defined                      no-undef
   99:19  warning  'RE' is not defined                           no-undef
  100:7   warning  'reIndex' is not defined                      no-undef
  108:3   warning  'next' is not defined                         no-undef
  109:3   warning  'next' is not defined                         no-undef
  109:43  warning  'e' is defined but never used                 no-unused-vars
  110:8   warning  'inputPointer' is not defined                 no-undef
  110:24  warning  'RE' is not defined                           no-undef
  110:27  warning  'reIndex' is not defined                      no-undef
  111:7   warning  'inputPointer' is not defined                 no-undef
  111:22  warning  'inputPointer' is not defined                 no-undef
  114:18  warning  'RE' is not defined                           no-undef
  114:21  warning  'reIndex' is not defined                      no-undef
  114:37  warning  'inputPointer' is not defined                 no-undef
  119:3   warning  'prev' is not defined                         no-undef
  120:3   warning  'prev' is not defined                         no-undef
  120:43  warning  'e' is defined but never used                 no-unused-vars
  121:8   warning  'inputPointer' is not defined                 no-undef
  122:7   warning  'inputPointer' is not defined                 no-undef
  122:22  warning  'inputPointer' is not defined                 no-undef
  129:3   warning  'controlContainerDisplay' is not defined      no-undef
  130:3   warning  'instructionContainerDisplay' is not defined  no-undef
  131:3   warning  'traceContainerDisplay' is not defined        no-undef
  133:3   warning  'controlsToggle' is not defined               no-undef
  134:3   warning  'controlsToggle' is not defined               no-undef
  134:53  warning  'e' is defined but never used                 no-unused-vars
  136:5   warning  'controlContainer' is not defined             no-undef
  138:8   warning  'controlContainerDisplay' is not defined      no-undef
  139:7   warning  'controlContainer' is not defined             no-undef
  140:7   warning  'controlContainer' is not defined             no-undef
  141:7   warning  'controlContainerDisplay' is not defined      no-undef
  143:7   warning  'controlContainer' is not defined             no-undef
  144:7   warning  'controlContainer' is not defined             no-undef
  145:7   warning  'controlContainerDisplay' is not defined      no-undef
  150:3   warning  'instructionToggle' is not defined            no-undef
  151:3   warning  'instructionToggle' is not defined            no-undef
  151:56  warning  'e' is defined but never used                 no-unused-vars
  153:5   warning  'instructionContainer' is not defined         no-undef
  155:8   warning  'instructionContainerDisplay' is not defined  no-undef
  156:7   warning  'instructionContainer' is not defined         no-undef
  157:7   warning  'instructionContainer' is not defined         no-undef
  158:7   warning  'instructionContainerDisplay' is not defined  no-undef
  160:7   warning  'instructionContainer' is not defined         no-undef
  161:7   warning  'instructionContainer' is not defined         no-undef
  162:7   warning  'instructionContainerDisplay' is not defined  no-undef
  167:3   warning  'traceToggle' is not defined                  no-undef
  168:3   warning  'traceToggle' is not defined                  no-undef
  168:50  warning  'e' is defined but never used                 no-unused-vars
  170:5   warning  'traceContainer' is not defined               no-undef
  172:8   warning  'traceContainerDisplay' is not defined        no-undef
  173:7   warning  'traceContainer' is not defined               no-undef
  174:7   warning  'traceContainer' is not defined               no-undef
  175:7   warning  'traceContainerDisplay' is not defined        no-undef
  177:7   warning  'traceContainer' is not defined               no-undef
  178:7   warning  'traceContainer' is not defined               no-undef
  179:7   warning  'traceContainerDisplay' is not defined        no-undef

✖ 277 problems (0 errors, 277 warnings)

